<?xml version="1.0" encoding="UTF-8"?>
<!-- Generated by org.testng.reporters.JUnitXMLReporter -->
<testsuite ignored="0" hostname="DachepalliSanthosh" failures="0" tests="2" name="Default test" time="18.883" errors="0" timestamp="2025-07-31T19:45:21 IST">
  <testcase classname="io.cucumber.testng.AbstractTestNGCucumberTests" name="runScenario" time="9.701"/>
  <testcase classname="io.cucumber.testng.AbstractTestNGCucumberTests" name="runScenario" time="5.452"/>
</testsuite> <!-- Default test -->
