<?xml version="1.0" encoding="UTF-8"?>
<testng-results ignored="0" total="2" passed="2" failed="0" skipped="0">
  <reporter-output>
  </reporter-output>
  <suite started-at="2025-07-31T19:45:02 IST" name="Default suite" finished-at="2025-07-31T19:45:21 IST" duration-ms="18883">
    <groups>
      <group name="cucumber">
        <method signature="AbstractTestNGCucumberTests.runScenario(io.cucumber.testng.PickleWrapper,io.cucumber.testng.FeatureWrapper)[pri:0, instance:Runner.Runnerclass@8297b3a]" name="runScenario" class="io.cucumber.testng.AbstractTestNGCucumberTests"/>
      </group> <!-- cucumber -->
    </groups>
    <test started-at="2025-07-31T19:45:02 IST" name="Default test" finished-at="2025-07-31T19:45:21 IST" duration-ms="18883">
      <class name="Runner.Runnerclass">
        <test-method is-config="true" signature="setUpClass(org.testng.ITestContext)[pri:0, instance:Runner.Runnerclass@8297b3a]" started-at="2025-07-31T19:45:02 IST" name="setUpClass" finished-at="2025-07-31T19:45:04 IST" duration-ms="2428" status="PASS">
          <params>
            <param index="0">
              <value>
                <![CDATA[org.testng.TestRunner@2ce03e86]]>
              </value>
            </param>
          </params>
          <reporter-output>
          </reporter-output>
        </test-method> <!-- setUpClass -->
        <test-method signature="runScenario(io.cucumber.testng.PickleWrapper,io.cucumber.testng.FeatureWrapper)[pri:0, instance:Runner.Runnerclass@8297b3a]" started-at="2025-07-31T19:45:04 IST" name="runScenario" description="Runs Cucumber Scenarios" data-provider="scenarios" finished-at="2025-07-31T19:45:14 IST" duration-ms="9701" status="PASS">
          <params>
            <param index="0">
              <value>
                <![CDATA["Validate the login functionality with valid username and password"]]>
              </value>
            </param>
            <param index="1">
              <value>
                <![CDATA["login feature"]]>
              </value>
            </param>
          </params>
          <reporter-output>
          </reporter-output>
        </test-method> <!-- runScenario -->
        <test-method signature="runScenario(io.cucumber.testng.PickleWrapper,io.cucumber.testng.FeatureWrapper)[pri:0, instance:Runner.Runnerclass@8297b3a]" started-at="2025-07-31T19:45:14 IST" name="runScenario" description="Runs Cucumber Scenarios" data-provider="scenarios" finished-at="2025-07-31T19:45:19 IST" duration-ms="5452" status="PASS">
          <params>
            <param index="0">
              <value>
                <![CDATA["Validate the login functionality with valid username and password"]]>
              </value>
            </param>
            <param index="1">
              <value>
                <![CDATA["login feature"]]>
              </value>
            </param>
          </params>
          <reporter-output>
          </reporter-output>
        </test-method> <!-- runScenario -->
        <test-method is-config="true" signature="tearDownClass()[pri:0, instance:Runner.Runnerclass@8297b3a]" started-at="2025-07-31T19:45:19 IST" name="tearDownClass" finished-at="2025-07-31T19:45:21 IST" duration-ms="1174" status="PASS">
          <reporter-output>
          </reporter-output>
        </test-method> <!-- tearDownClass -->
      </class> <!-- Runner.Runnerclass -->
    </test> <!-- Default test -->
  </suite> <!-- Default suite -->
</testng-results>
